* installing *source* package ‘toth’ ...
** using staged installation
** libs
using C++ compiler: ‘Apple clang version 16.0.0 (clang-1600.0.26.6)’
using SDK: ‘’
clang++ -arch arm64 -std=gnu++17 -I"/Library/Frameworks/R.framework/Resources/include" -DNDEBUG   -I/opt/R/arm64/include    -fPIC  -falign-functions=64 -Wall -g -O2   -c init.cpp -o init.o
clang++ -arch arm64 -std=gnu++17 -dynamiclib -Wl,-headerpad_max_install_names -undefined dynamic_lookup -L/Library/Frameworks/R.framework/Resources/lib -L/opt/R/arm64/lib -o toth.so init.o -F/Library/Frameworks/R.framework/.. -framework R -Wl,-framework -Wl,CoreFoundation
installing to /Users/srauschert/Projects/toth/toth.Rcheck/00LOCK-toth/00new/toth/libs
** R
** data
*** moving datasets to lazyload DB
** inst
** byte-compile and prepare package for lazy loading
** help
*** installing help indices
*** copying figures
** building package indices
** installing vignettes
Warning in file(con, "w") :
  cannot open file '/Users/srauschert/Projects/toth/toth.Rcheck/00LOCK-toth/00new/toth/doc/index.html': No such file or directory
Error in file(con, "w") : cannot open the connection
ERROR: installing vignettes failed
* removing ‘/Users/srauschert/Projects/toth/toth.Rcheck/toth’
